kotlin version: 2.0.20
error message: java.lang.IllegalStateException: `renderConstructor` mustn't be called with an intersection type argument. Call `render` to simply render the type or filter out intersection types on the call-site.
	at org.jetbrains.kotlin.fir.renderer.ConeTypeRenderer.renderConstructor(ConeTypeRenderer.kt:134)
	at org.jetbrains.kotlin.fir.renderer.ConeTypeRendererForReadability.renderConstructor(ConeTypeRendererForReadability.kt:111)
	at org.jetbrains.kotlin.fir.analysis.diagnostics.FirDiagnosticRenderers$ADAPTIVE_RENDERED_TYPES$1.compute(FirDiagnosticRenderers.kt:179)
	at org.jetbrains.kotlin.fir.analysis.diagnostics.FirDiagnosticRenderers$ADAPTIVE_RENDERED_TYPES$1.compute(FirDiagnosticRenderers.kt:163)
	at org.jetbrains.kotlin.diagnostics.rendering.RenderingContext$Impl.get(RenderingContext.kt:21)
	at org.jetbrains.kotlin.fir.analysis.diagnostics.FirDiagnosticRenderers.RENDER_TYPE$lambda$12(FirDiagnosticRenderers.kt:159)
	at org.jetbrains.kotlin.diagnostics.rendering.DiagnosticParameterRendererKt$ContextDependentRenderer$1.render(DiagnosticParameterRenderer.kt:34)
	at org.jetbrains.kotlin.diagnostics.rendering.DiagnosticParameterRendererKt.renderParameter(DiagnosticParameterRenderer.kt:38)
	at org.jetbrains.kotlin.diagnostics.KtDiagnosticWithParameters3Renderer.renderParameters(KtDiagnosticRenderer.kt:81)
	at org.jetbrains.kotlin.diagnostics.AbstractKtDiagnosticWithParametersRenderer.render(KtDiagnosticRenderer.kt:38)
	at org.jetbrains.kotlin.cli.common.fir.FirDiagnosticsCompilerResultsReporter.reportDiagnosticToMessageCollector(FirDiagnosticsCompilerResultsReporter.kt:120)
	at org.jetbrains.kotlin.cli.common.fir.FirDiagnosticsCompilerResultsReporter.reportToMessageCollector$lambda$0(FirDiagnosticsCompilerResultsReporter.kt:28)
	at org.jetbrains.kotlin.cli.common.fir.FirDiagnosticsCompilerResultsReporter.reportByFile(FirDiagnosticsCompilerResultsReporter.kt:98)
	at org.jetbrains.kotlin.cli.common.fir.FirDiagnosticsCompilerResultsReporter.reportToMessageCollector(FirDiagnosticsCompilerResultsReporter.kt:27)
	at org.jetbrains.kotlin.cli.common.fir.FirDiagnosticsCompilerResultsReporterKt.reportToMessageCollector(FirDiagnosticsCompilerResultsReporter.kt:155)
	at org.jetbrains.kotlin.cli.jvm.compiler.pipeline.JvmCompilerPipelineKt.compileModulesUsingFrontendIrAndLightTree(jvmCompilerPipeline.kt:135)
	at org.jetbrains.kotlin.cli.jvm.K2JVMCompiler.doExecute(K2JVMCompiler.kt:148)
	at org.jetbrains.kotlin.cli.jvm.K2JVMCompiler.doExecute(K2JVMCompiler.kt:43)
	at org.jetbrains.kotlin.cli.common.CLICompiler.execImpl(CLICompiler.kt:103)
	at org.jetbrains.kotlin.cli.common.CLICompiler.execImpl(CLICompiler.kt:49)
	at org.jetbrains.kotlin.cli.common.CLITool.exec(CLITool.kt:101)
	at org.jetbrains.kotlin.incremental.IncrementalJvmCompilerRunner.runCompiler(IncrementalJvmCompilerRunner.kt:464)
	at org.jetbrains.kotlin.incremental.IncrementalJvmCompilerRunner.runCompiler(IncrementalJvmCompilerRunner.kt:73)
	at org.jetbrains.kotlin.incremental.IncrementalCompilerRunner.doCompile(IncrementalCompilerRunner.kt:506)
	at org.jetbrains.kotlin.incremental.IncrementalCompilerRunner.compileImpl(IncrementalCompilerRunner.kt:423)
	at org.jetbrains.kotlin.incremental.IncrementalCompilerRunner.compileNonIncrementally(IncrementalCompilerRunner.kt:301)
	at org.jetbrains.kotlin.incremental.IncrementalCompilerRunner.compile(IncrementalCompilerRunner.kt:129)
	at org.jetbrains.kotlin.daemon.CompileServiceImplBase.execIncrementalCompiler(CompileServiceImpl.kt:675)
	at org.jetbrains.kotlin.daemon.CompileServiceImplBase.access$execIncrementalCompiler(CompileServiceImpl.kt:92)
	at org.jetbrains.kotlin.daemon.CompileServiceImpl.compile(CompileServiceImpl.kt:1660)
	at java.base/jdk.internal.reflect.NativeMethodAccessorImpl.invoke0(Native Method)
	at java.base/jdk.internal.reflect.NativeMethodAccessorImpl.invoke(NativeMethodAccessorImpl.java:77)
	at java.base/jdk.internal.reflect.DelegatingMethodAccessorImpl.invoke(DelegatingMethodAccessorImpl.java:43)
	at java.base/java.lang.reflect.Method.invoke(Method.java:568)
	at java.rmi/sun.rmi.server.UnicastServerRef.dispatch(UnicastServerRef.java:360)
	at java.rmi/sun.rmi.transport.Transport$1.run(Transport.java:200)
	at java.rmi/sun.rmi.transport.Transport$1.run(Transport.java:197)
	at java.base/java.security.AccessController.doPrivileged(AccessController.java:712)
	at java.rmi/sun.rmi.transport.Transport.serviceCall(Transport.java:196)
	at java.rmi/sun.rmi.transport.tcp.TCPTransport.handleMessages(TCPTransport.java:587)
	at java.rmi/sun.rmi.transport.tcp.TCPTransport$ConnectionHandler.run0(TCPTransport.java:828)
	at java.rmi/sun.rmi.transport.tcp.TCPTransport$ConnectionHandler.lambda$run$0(TCPTransport.java:705)
	at java.base/java.security.AccessController.doPrivileged(AccessController.java:399)
	at java.rmi/sun.rmi.transport.tcp.TCPTransport$ConnectionHandler.run(TCPTransport.java:704)
	at java.base/java.util.concurrent.ThreadPoolExecutor.runWorker(ThreadPoolExecutor.java:1136)
	at java.base/java.util.concurrent.ThreadPoolExecutor$Worker.run(ThreadPoolExecutor.java:635)
	at java.base/java.lang.Thread.run(Thread.java:842)


